<?xml version="1.0" encoding="UTF-8"?>
<!-- Generated by org.testng.reporters.JUnitReportReporter -->
<testsuite name="com.demo.sort_test.AppTest" tests="1" failures="0" timestamp="4 Mar 2017 10:10:21 GMT" time="1.191" errors="0">
  <testcase name="testGoogleSearch" time="1.191" classname="com.demo.sort_test.AppTest"/>
</testsuite>
